[2025-12-08T21:52:46.330+0000] {taskinstance.py:1957} INFO - Dependencies all met for dep_context=non-requeueable deps ti=<TaskInstance: fetch_crypto_data.fetch_data scheduled__2025-12-07T00:00:00+00:00 [queued]>
[2025-12-08T21:52:46.334+0000] {taskinstance.py:1957} INFO - Dependencies all met for dep_context=requeueable deps ti=<TaskInstance: fetch_crypto_data.fetch_data scheduled__2025-12-07T00:00:00+00:00 [queued]>
[2025-12-08T21:52:46.335+0000] {taskinstance.py:2171} INFO - Starting attempt 1 of 1
[2025-12-08T21:52:46.344+0000] {taskinstance.py:2192} INFO - Executing <Task(PythonOperator): fetch_data> on 2025-12-07 00:00:00+00:00
[2025-12-08T21:52:46.352+0000] {standard_task_runner.py:60} INFO - Started process 545 to run task
[2025-12-08T21:52:46.356+0000] {standard_task_runner.py:87} INFO - Running: ['***', 'tasks', 'run', 'fetch_crypto_data', 'fetch_data', 'scheduled__2025-12-07T00:00:00+00:00', '--job-id', '3', '--raw', '--subdir', 'DAGS_FOLDER/fetch_crypto_data.py', '--cfg-path', '/tmp/tmpvd83_8at']
[2025-12-08T21:52:46.358+0000] {standard_task_runner.py:88} INFO - Job 3: Subtask fetch_data
[2025-12-08T21:52:46.401+0000] {task_command.py:423} INFO - Running <TaskInstance: fetch_crypto_data.fetch_data scheduled__2025-12-07T00:00:00+00:00 [running]> on host becf9666cedf
[2025-12-08T21:52:46.500+0000] {taskinstance.py:2481} INFO - Exporting env vars: AIRFLOW_CTX_DAG_OWNER='***' AIRFLOW_CTX_DAG_ID='fetch_crypto_data' AIRFLOW_CTX_TASK_ID='fetch_data' AIRFLOW_CTX_EXECUTION_DATE='2025-12-07T00:00:00+00:00' AIRFLOW_CTX_TRY_NUMBER='1' AIRFLOW_CTX_DAG_RUN_ID='scheduled__2025-12-07T00:00:00+00:00'
[2025-12-08T21:52:46.893+0000] {taskinstance.py:2699} ERROR - Task failed with exception
Traceback (most recent call last):
  File "/home/airflow/.local/lib/python3.8/site-packages/airflow/models/taskinstance.py", line 433, in _execute_task
    result = execute_callable(context=context, **execute_callable_kwargs)
  File "/home/airflow/.local/lib/python3.8/site-packages/airflow/operators/python.py", line 199, in execute
    return_value = self.execute_callable()
  File "/home/airflow/.local/lib/python3.8/site-packages/airflow/operators/python.py", line 216, in execute_callable
    return self.python_callable(*self.op_args, **self.op_kwargs)
  File "/opt/airflow/dags/fetch_crypto_data.py", line 11, in fetch_data
    df.to_csv('/opt/airflow/data/crypto_raw.csv', index=False)
  File "/home/airflow/.local/lib/python3.8/site-packages/pandas/core/generic.py", line 3772, in to_csv
    return DataFrameRenderer(formatter).to_csv(
  File "/home/airflow/.local/lib/python3.8/site-packages/pandas/io/formats/format.py", line 1186, in to_csv
    csv_formatter.save()
  File "/home/airflow/.local/lib/python3.8/site-packages/pandas/io/formats/csvs.py", line 240, in save
    with get_handle(
  File "/home/airflow/.local/lib/python3.8/site-packages/pandas/io/common.py", line 737, in get_handle
    check_parent_directory(str(handle))
  File "/home/airflow/.local/lib/python3.8/site-packages/pandas/io/common.py", line 600, in check_parent_directory
    raise OSError(rf"Cannot save file into a non-existent directory: '{parent}'")
OSError: Cannot save file into a non-existent directory: '/opt/***/data'
[2025-12-08T21:52:46.906+0000] {taskinstance.py:1138} INFO - Marking task as FAILED. dag_id=fetch_crypto_data, task_id=fetch_data, execution_date=20251207T000000, start_date=20251208T215246, end_date=20251208T215246
[2025-12-08T21:52:46.914+0000] {standard_task_runner.py:107} ERROR - Failed to execute job 3 for task fetch_data (Cannot save file into a non-existent directory: '/opt/***/data'; 545)
[2025-12-08T21:52:46.960+0000] {local_task_job_runner.py:234} INFO - Task exited with return code 1
[2025-12-08T21:52:46.974+0000] {taskinstance.py:3281} INFO - 0 downstream tasks scheduled from follow-on schedule check
